<?xml version="1.0" encoding="UTF-8"?>
<!-- Generated by org.testng.reporters.JUnitXMLReporter -->
<testsuite ignored="1" hostname="DESKTOP-HBMP5KS" failures="0" tests="1" name="Default test" time="29.119" errors="0" timestamp="2024-02-11T21:47:45 EET">
  <testcase classname="MainPackage.OrganaizedTest" name="test_website_with_random_Languges" time="28.919"/>
  <testcase classname="MainPackage.OrganaizedTest" name="testMainFunctionality" time="0.0">
    <ignored/>
  </testcase> <!-- testMainFunctionality -->
</testsuite> <!-- Default test -->
