<?xml version="1.0" encoding="UTF-8"?>
<testng-results ignored="1" total="2" passed="1" failed="0" skipped="0">
  <reporter-output>
  </reporter-output>
  <suite started-at="2024-02-11T15:39:38 EET" name="Default suite" finished-at="2024-02-11T15:40:05 EET" duration-ms="26748">
    <groups>
    </groups>
    <test started-at="2024-02-11T15:39:38 EET" name="Default test" finished-at="2024-02-11T15:40:05 EET" duration-ms="26748">
      <class name="MainPackage.OrganaizedTest">
        <test-method is-config="true" signature="setUp()[pri:0, instance:MainPackage.OrganaizedTest@2a22ad2b]" started-at="2024-02-11T15:39:38 EET" name="setUp" finished-at="2024-02-11T15:39:38 EET" duration-ms="9" status="PASS">
          <reporter-output>
          </reporter-output>
        </test-method> <!-- setUp -->
        <test-method signature="test_website_with_random_Languges()[pri:0, instance:MainPackage.OrganaizedTest@2a22ad2b]" started-at="2024-02-11T15:39:38 EET" name="test_website_with_random_Languges" finished-at="2024-02-11T15:40:05 EET" duration-ms="26689" status="PASS">
          <reporter-output>
          </reporter-output>
        </test-method> <!-- test_website_with_random_Languges -->
        <test-method is-config="true" signature="AfterTest()[pri:0, instance:MainPackage.OrganaizedTest@2a22ad2b]" started-at="2024-02-11T15:40:05 EET" name="AfterTest" finished-at="2024-02-11T15:40:05 EET" duration-ms="1" status="PASS">
          <reporter-output>
          </reporter-output>
        </test-method> <!-- AfterTest -->
      </class> <!-- MainPackage.OrganaizedTest -->
    </test> <!-- Default test -->
  </suite> <!-- Default suite -->
</testng-results>
